<?xml version="1.0" encoding="UTF-8"?>
<!-- Generated by org.testng.reporters.JUnitXMLReporter -->
<testsuite ignored="6" hostname="DivyaJyothi" failures="0" tests="0" name="Test" time="33.435" errors="0" timestamp="2025-03-17T12:37:08 IST">
  <testcase classname="com.MIT.HMS_DJ.BaseTest.BaseClassHMS" name="@AfterSuite AfterSuiteImplementation" time="0.0">
    <ignored/>
  </testcase> <!-- @AfterSuite AfterSuiteImplementation -->
  <testcase classname="com.MIT.HMS_DJ.BaseTest.BaseClassHMS" name="@BeforeSuite BeforeSuiteImplementation" time="0.0">
    <ignored/>
  </testcase> <!-- @BeforeSuite BeforeSuiteImplementation -->
  <testcase classname="com.MIT.HMS_DJ.BaseTest.BaseClassHMS" name="@BeforeSuite BeforeSuiteImplementation" time="0.0">
    <ignored/>
  </testcase> <!-- @BeforeSuite BeforeSuiteImplementation -->
  <testcase classname="com.MIT.HMS_DJ.BaseTest.BaseClassHMS" name="@BeforeSuite BeforeSuiteImplementation" time="0.0">
    <ignored/>
  </testcase> <!-- @BeforeSuite BeforeSuiteImplementation -->
  <testcase classname="com.MIT.HMS_DJ.BaseTest.BaseClassHMS" name="@AfterSuite AfterSuiteImplementation" time="0.0">
    <ignored/>
  </testcase> <!-- @AfterSuite AfterSuiteImplementation -->
  <testcase classname="com.MIT.HMS_DJ.BaseTest.BaseClassHMS" name="@AfterSuite AfterSuiteImplementation" time="0.0">
    <ignored/>
  </testcase> <!-- @AfterSuite AfterSuiteImplementation -->
</testsuite> <!-- Test -->
