<?xml version="1.0" encoding="UTF-8"?>
<!-- Generated by org.testng.reporters.JUnitXMLReporter -->
<testsuite ignored="0" hostname="DivyaJyothi" failures="0" tests="3" name="Test1" time="56.966" errors="0" timestamp="2025-03-18T08:05:11 IST">
  <testcase classname="com.MIT.HMS_DJ.TC_03_ManagePatientsReportAppointment_SystemTest" name="AppointmentHistoryTest" time="5.789"/>
  <testcase classname="com.MIT.HMS_DJ.TC_03_ManagePatientsReportAppointment_SystemTest" name="ManagePatientssTest" time="6.843"/>
  <testcase classname="com.MIT.HMS_DJ.TC_03_ManagePatientsReportAppointment_SystemTest" name="ReportsTest" time="25.767"/>
</testsuite> <!-- Test1 -->
